<?xml version="1.0" encoding="UTF-8"?>
<!-- Generated by org.testng.reporters.JUnitReportReporter -->
<testsuite hostname="LAPTOP-RQ3ELLLN" failures="0" tests="2" name="testsuite.DriverScript" time="95.724" errors="0" timestamp="2024-01-15T12:41:04 IST" skipped="0">
  <testcase classname="testsuite.DriverScript" name="feature" time="31.720"/>
  <system-out/>
  <testcase classname="testsuite.DriverScript" name="feature" time="64.004"/>
  <system-out/>
</testsuite> <!-- testsuite.DriverScript -->
